f:\books\year5\data_structure\project\cie205-project-f2018-std\dsproject_code_s2018\debug\castledsproject.bsc
f:\books\year5\data_structure\project\dsproject_code_s2018\debug\castledsproject.bsc
f:\books\year5\data_structure\project\dsproject_code_s2018\debug\vc120.pdb
f:\books\year5\data_structure\project\dsproject_code_s2018\debug\vc120.idb
f:\books\year5\data_structure\project\dsproject_code_s2018\debug\gui.sbr
f:\books\year5\data_structure\project\dsproject_code_s2018\debug\enemyhealer.sbr
f:\books\year5\data_structure\project\dsproject_code_s2018\debug\enemyfreezer.sbr
f:\books\year5\data_structure\project\dsproject_code_s2018\debug\enemyfighter.sbr
f:\books\year5\data_structure\project\dsproject_code_s2018\debug\enemy.sbr
f:\books\year5\data_structure\project\dsproject_code_s2018\debug\demo_main.sbr
f:\books\year5\data_structure\project\dsproject_code_s2018\debug\windowinput.sbr
f:\books\year5\data_structure\project\dsproject_code_s2018\debug\mousequeue.sbr
f:\books\year5\data_structure\project\dsproject_code_s2018\debug\keyqueue.sbr
f:\books\year5\data_structure\project\dsproject_code_s2018\debug\image.sbr
f:\books\year5\data_structure\project\dsproject_code_s2018\debug\colors.sbr
f:\books\year5\data_structure\project\dsproject_code_s2018\debug\cmugraphics.sbr
f:\books\year5\data_structure\project\dsproject_code_s2018\debug\auxil.sbr
f:\books\year5\data_structure\project\dsproject_code_s2018\debug\tower.sbr
f:\books\year5\data_structure\project\dsproject_code_s2018\debug\castle.sbr
f:\books\year5\data_structure\project\dsproject_code_s2018\debug\battle.sbr
f:\books\year5\data_structure\project\dsproject_code_s2018\debug\battle.obj
f:\books\year5\data_structure\project\dsproject_code_s2018\debug\castle.obj
f:\books\year5\data_structure\project\dsproject_code_s2018\debug\tower.obj
f:\books\year5\data_structure\project\dsproject_code_s2018\debug\auxil.obj
f:\books\year5\data_structure\project\dsproject_code_s2018\debug\cmugraphics.obj
f:\books\year5\data_structure\project\dsproject_code_s2018\debug\colors.obj
f:\books\year5\data_structure\project\dsproject_code_s2018\debug\image.obj
f:\books\year5\data_structure\project\dsproject_code_s2018\debug\keyqueue.obj
f:\books\year5\data_structure\project\dsproject_code_s2018\debug\mousequeue.obj
f:\books\year5\data_structure\project\dsproject_code_s2018\debug\windowinput.obj
f:\books\year5\data_structure\project\dsproject_code_s2018\debug\demo_main.obj
f:\books\year5\data_structure\project\dsproject_code_s2018\debug\enemy.obj
f:\books\year5\data_structure\project\dsproject_code_s2018\debug\enemyfighter.obj
f:\books\year5\data_structure\project\dsproject_code_s2018\debug\enemyfreezer.obj
f:\books\year5\data_structure\project\dsproject_code_s2018\debug\enemyhealer.obj
f:\books\year5\data_structure\project\dsproject_code_s2018\debug\gui.obj
f:\books\year5\data_structure\project\dsproject_code_s2018\debug\jutils.sbr
f:\books\year5\data_structure\project\dsproject_code_s2018\debug\jquant2.sbr
f:\books\year5\data_structure\project\dsproject_code_s2018\debug\jquant1.sbr
f:\books\year5\data_structure\project\dsproject_code_s2018\debug\jmemnobs.sbr
f:\books\year5\data_structure\project\dsproject_code_s2018\debug\jmemmgr.sbr
f:\books\year5\data_structure\project\dsproject_code_s2018\debug\jidctred.sbr
f:\books\year5\data_structure\project\dsproject_code_s2018\debug\jidctint.sbr
f:\books\year5\data_structure\project\dsproject_code_s2018\debug\jidctfst.sbr
f:\books\year5\data_structure\project\dsproject_code_s2018\debug\jidctflt.sbr
f:\books\year5\data_structure\project\dsproject_code_s2018\debug\jerror.sbr
f:\books\year5\data_structure\project\dsproject_code_s2018\debug\jdtrans.sbr
f:\books\year5\data_structure\project\dsproject_code_s2018\debug\jdsample.sbr
f:\books\year5\data_structure\project\dsproject_code_s2018\debug\jdpostct.sbr
f:\books\year5\data_structure\project\dsproject_code_s2018\debug\jdphuff.sbr
f:\books\year5\data_structure\project\dsproject_code_s2018\debug\jdmerge.sbr
f:\books\year5\data_structure\project\dsproject_code_s2018\debug\jdmaster.sbr
f:\books\year5\data_structure\project\dsproject_code_s2018\debug\jdmarker.sbr
f:\books\year5\data_structure\project\dsproject_code_s2018\debug\jdmainct.sbr
f:\books\year5\data_structure\project\dsproject_code_s2018\debug\jdinput.sbr
f:\books\year5\data_structure\project\dsproject_code_s2018\debug\jdhuff.sbr
f:\books\year5\data_structure\project\dsproject_code_s2018\debug\jdhuff.obj
f:\books\year5\data_structure\project\dsproject_code_s2018\debug\jdinput.obj
f:\books\year5\data_structure\project\dsproject_code_s2018\debug\jdmainct.obj
f:\books\year5\data_structure\project\dsproject_code_s2018\debug\jdmarker.obj
f:\books\year5\data_structure\project\dsproject_code_s2018\debug\jdmaster.obj
f:\books\year5\data_structure\project\dsproject_code_s2018\debug\jdmerge.obj
f:\books\year5\data_structure\project\dsproject_code_s2018\debug\jdphuff.obj
f:\books\year5\data_structure\project\dsproject_code_s2018\debug\jdpostct.obj
f:\books\year5\data_structure\project\dsproject_code_s2018\debug\jdsample.obj
f:\books\year5\data_structure\project\dsproject_code_s2018\debug\jdtrans.obj
f:\books\year5\data_structure\project\dsproject_code_s2018\debug\jerror.obj
f:\books\year5\data_structure\project\dsproject_code_s2018\debug\jidctflt.obj
f:\books\year5\data_structure\project\dsproject_code_s2018\debug\jidctfst.obj
f:\books\year5\data_structure\project\dsproject_code_s2018\debug\jidctint.obj
f:\books\year5\data_structure\project\dsproject_code_s2018\debug\jidctred.obj
f:\books\year5\data_structure\project\dsproject_code_s2018\debug\jmemmgr.obj
f:\books\year5\data_structure\project\dsproject_code_s2018\debug\jmemnobs.obj
f:\books\year5\data_structure\project\dsproject_code_s2018\debug\jquant1.obj
f:\books\year5\data_structure\project\dsproject_code_s2018\debug\jquant2.obj
f:\books\year5\data_structure\project\dsproject_code_s2018\debug\jutils.obj
f:\books\year5\data_structure\project\dsproject_code_s2018\debug\jddctmgr.sbr
f:\books\year5\data_structure\project\dsproject_code_s2018\debug\jdcolor.sbr
f:\books\year5\data_structure\project\dsproject_code_s2018\debug\jdcoefct.sbr
f:\books\year5\data_structure\project\dsproject_code_s2018\debug\jdatasrc.sbr
f:\books\year5\data_structure\project\dsproject_code_s2018\debug\jdapistd.sbr
f:\books\year5\data_structure\project\dsproject_code_s2018\debug\jdapimin.sbr
f:\books\year5\data_structure\project\dsproject_code_s2018\debug\jcparam.sbr
f:\books\year5\data_structure\project\dsproject_code_s2018\debug\jcomapi.sbr
f:\books\year5\data_structure\project\dsproject_code_s2018\debug\jpegload.sbr
f:\books\year5\data_structure\project\dsproject_code_s2018\debug\jpegload.obj
f:\books\year5\data_structure\project\dsproject_code_s2018\debug\jcomapi.obj
f:\books\year5\data_structure\project\dsproject_code_s2018\debug\jcparam.obj
f:\books\year5\data_structure\project\dsproject_code_s2018\debug\jdapimin.obj
f:\books\year5\data_structure\project\dsproject_code_s2018\debug\jdapistd.obj
f:\books\year5\data_structure\project\dsproject_code_s2018\debug\jdatasrc.obj
f:\books\year5\data_structure\project\dsproject_code_s2018\debug\jdcoefct.obj
f:\books\year5\data_structure\project\dsproject_code_s2018\debug\jdcolor.obj
f:\books\year5\data_structure\project\dsproject_code_s2018\debug\jddctmgr.obj
f:\books\year5\data_structure\project\dsproject_code_s2018\debug\castledsproject.ilk
f:\books\year5\data_structure\project\dsproject_code_s2018\debug\castledsproject.exe
f:\books\year5\data_structure\project\dsproject_code_s2018\debug\castledsproject.pdb
f:\books\year5\data_structure\project\dsproject_code_s2018\.\debug\castledsproject.exe
f:\books\year5\data_structure\project\dsproject_code_s2018\debug\castledsproject.tlog\bscmake.command.1.tlog
f:\books\year5\data_structure\project\dsproject_code_s2018\debug\castledsproject.tlog\bscmake.read.1.tlog
f:\books\year5\data_structure\project\dsproject_code_s2018\debug\castledsproject.tlog\bscmake.write.1.tlog
f:\books\year5\data_structure\project\dsproject_code_s2018\debug\castledsproject.tlog\cl.command.1.tlog
f:\books\year5\data_structure\project\dsproject_code_s2018\debug\castledsproject.tlog\cl.read.1.tlog
f:\books\year5\data_structure\project\dsproject_code_s2018\debug\castledsproject.tlog\cl.write.1.tlog
f:\books\year5\data_structure\project\dsproject_code_s2018\debug\castledsproject.tlog\link.command.1.tlog
f:\books\year5\data_structure\project\dsproject_code_s2018\debug\castledsproject.tlog\link.read.1.tlog
f:\books\year5\data_structure\project\dsproject_code_s2018\debug\castledsproject.tlog\link.write.1.tlog
